<?xml version="1.0" encoding="UTF-8"?>
<testsuite xmlns:xsi="http://www.w3.org/2001/XMLSchema-instance" xsi:noNamespaceSchemaLocation="https://maven.apache.org/surefire/maven-surefire-plugin/xsd/surefire-test-report.xsd" name="com.dex.UserServiceTest" time="0.053" tests="1" errors="1" skipped="0" failures="0">
  <properties>
[...]
</properties>
  <testcase name="initializationError" classname="com.dex.UserServiceTest" time="0.007">
    <error message="Could not load CacheAwareContextLoaderDelegate [class org.springframework.test.context.cache.DefaultCacheAwareContextLoaderDelegate]" type="java.lang.IllegalStateException">java.lang.IllegalStateException: Could not load CacheAwareContextLoaderDelegate [class org.springframework.test.context.cache.DefaultCacheAwareContextLoaderDelegate]
Caused by: java.lang.NoClassDefFoundError: org/springframework/core/SpringProperties
Caused by: java.lang.ClassNotFoundException: org.springframework.core.SpringProperties
</error>
  </testcase>
</testsuite>